SF:lib/feature/products/presentation/cubit/product_list_cubit.dart
DA:10,3
DA:14,1
DA:15,2
DA:16,1
DA:17,2
DA:18,3
DA:19,2
DA:20,3
DA:21,4
DA:28,1
DA:29,1
DA:30,2
DA:31,1
DA:32,3
DA:36,2
DA:37,3
DA:38,1
DA:39,3
DA:47,1
DA:48,1
DA:49,2
DA:50,2
DA:51,3
DA:52,4
DA:53,3
DA:61,1
DA:62,1
DA:63,2
DA:64,6
DA:65,3
DA:66,4
DA:67,2
DA:68,2
DA:71,1
DA:72,3
DA:80,0
DA:81,0
DA:84,1
DA:85,3
DA:91,1
DA:94,1
DA:96,3
DA:103,0
DA:104,0
LF:44
LH:40
end_of_record
SF:lib/feature/products/presentation/cubit/product_list_state.dart
DA:14,1
DA:19,1
DA:21,1
DA:27,1
DA:29,2
DA:30,1
DA:36,1
DA:37,5
LF:8
LH:8
end_of_record
SF:lib/feature/products/domain/models/product.dart
DA:9,2
DA:16,1
DA:22,1
DA:23,1
DA:24,1
DA:25,1
DA:26,0
DA:29,1
DA:30,5
LF:9
LH:8
end_of_record
